Build started 27/12/15 17:51:49.
     1>Project "C:\WorkBench\Robo\robocon-2016\robocon-2016-visual\robocon-2016-visual\robocon-2016-visual.vcxproj" on node 2 (Rebuild target(s)).
     1>Rebuild:
         "C:\Program Files (x86)\VisualGDB\VisualGDB.exe" /rebuild "C:\WorkBench\Robo\robocon-2016\robocon-2016-visual\robocon-2016-visual\robocon-2016-visual.vcxproj" "/solution:C:\WorkBench\Robo\robocon-2016\robocon-2016-visual\robocon-2016-visual.sln" "/config:Debug" "/platform:Win32"
         VisualGDB: Run "cmd.exe /c "C:\SysGCC\arm-eabi\bin\make.exe" CONFIG=Debug clean" in directory "C:\WorkBench\Robo\robocon-2016\robocon-2016-visual\robocon-2016-visual" on local computer
         del /S /Q Debug
         The process cannot access the file because it is being used by another process.
         C:\WorkBench\Robo\robocon-2016\robocon-2016-visual\robocon-2016-visual\Debug\robocon-2016-visual.log
     1>VisualGDB : warning : Found a source file with spaces in the path: "C:\WorkBench\Robo\robocon-2016\robocon-2016-visual\robocon-2016-visual\user\approx_math (siuhong LAW%27s conflicted copy 2013-03-16).h". If the build fails, please rename/move it.
         VisualGDB: Run "cmd.exe /c "C:\SysGCC\arm-eabi\bin\make.exe" CONFIG=Debug" in directory "C:\WorkBench\Robo\robocon-2016\robocon-2016-visual\robocon-2016-visual" on local computer
         C:\SysGCC\arm-eabi/bin/arm-eabi-gcc.exe -ggdb -ffunction-sections -O0 -mcpu=cortex-m3 -mthumb   -IC:\Users\Rex\AppData\Local\VisualGDB\EmbeddedBSPs\arm-eabi\com.sysprogs.arm.stm32/STM32F1xxxx/CMSIS/CM3/CoreSupport -IC:\Users\Rex\AppData\Local\VisualGDB\EmbeddedBSPs\arm-eabi\com.sysprogs.arm.stm32/STM32F1xxxx/CMSIS/CM3/DeviceSupport/ST/STM32F10x -IC:\Users\Rex\AppData\Local\VisualGDB\EmbeddedBSPs\arm-eabi\com.sysprogs.arm.stm32/STM32F1xxxx/STM32F10x_StdPeriph_Driver/inc -DDEBUG -Dstm32_flash_layout -DSTM32F103VF -DSTM32F10X_XL  -c C:\Users\Rex\AppData\Local\VisualGDB\EmbeddedBSPs\arm-eabi\com.sysprogs.arm.stm32/STM32F1xxxx/CMSIS/CM3/CoreSupport/core_cm3.c -o Debug/core_cm3.o -MD -MF Debug/core_cm3.dep
         C:\SysGCC\arm-eabi/bin/arm-eabi-gcc.exe -ggdb -ffunction-sections -O0 -mcpu=cortex-m3 -mthumb   -IC:\Users\Rex\AppData\Local\VisualGDB\EmbeddedBSPs\arm-eabi\com.sysprogs.arm.stm32/STM32F1xxxx/CMSIS/CM3/CoreSupport -IC:\Users\Rex\AppData\Local\VisualGDB\EmbeddedBSPs\arm-eabi\com.sysprogs.arm.stm32/STM32F1xxxx/CMSIS/CM3/DeviceSupport/ST/STM32F10x -IC:\Users\Rex\AppData\Local\VisualGDB\EmbeddedBSPs\arm-eabi\com.sysprogs.arm.stm32/STM32F1xxxx/STM32F10x_StdPeriph_Driver/inc -DDEBUG -Dstm32_flash_layout -DSTM32F103VF -DSTM32F10X_XL  -c C:\Users\Rex\AppData\Local\VisualGDB\EmbeddedBSPs\arm-eabi\com.sysprogs.arm.stm32/STM32F1xxxx/CMSIS/CM3/DeviceSupport/ST/STM32F10x/system_stm32f10x.c -o Debug/system_stm32f10x.o -MD -MF Debug/system_stm32f10x.dep
         C:\SysGCC\arm-eabi/bin/arm-eabi-gcc.exe -ggdb -ffunction-sections -O0 -mcpu=cortex-m3 -mthumb   -IC:\Users\Rex\AppData\Local\VisualGDB\EmbeddedBSPs\arm-eabi\com.sysprogs.arm.stm32/STM32F1xxxx/CMSIS/CM3/CoreSupport -IC:\Users\Rex\AppData\Local\VisualGDB\EmbeddedBSPs\arm-eabi\com.sysprogs.arm.stm32/STM32F1xxxx/CMSIS/CM3/DeviceSupport/ST/STM32F10x -IC:\Users\Rex\AppData\Local\VisualGDB\EmbeddedBSPs\arm-eabi\com.sysprogs.arm.stm32/STM32F1xxxx/STM32F10x_StdPeriph_Driver/inc -DDEBUG -Dstm32_flash_layout -DSTM32F103VF -DSTM32F10X_XL  -c C:\Users\Rex\AppData\Local\VisualGDB\EmbeddedBSPs\arm-eabi\com.sysprogs.arm.stm32/STM32F1xxxx/Startup/startup_stm32f10x_xl.c -o Debug/startup_stm32f10x_xl.o -MD -MF Debug/startup_stm32f10x_xl.dep
         C:\SysGCC\arm-eabi/bin/arm-eabi-gcc.exe -ggdb -ffunction-sections -O0 -mcpu=cortex-m3 -mthumb   -IC:\Users\Rex\AppData\Local\VisualGDB\EmbeddedBSPs\arm-eabi\com.sysprogs.arm.stm32/STM32F1xxxx/CMSIS/CM3/CoreSupport -IC:\Users\Rex\AppData\Local\VisualGDB\EmbeddedBSPs\arm-eabi\com.sysprogs.arm.stm32/STM32F1xxxx/CMSIS/CM3/DeviceSupport/ST/STM32F10x -IC:\Users\Rex\AppData\Local\VisualGDB\EmbeddedBSPs\arm-eabi\com.sysprogs.arm.stm32/STM32F1xxxx/STM32F10x_StdPeriph_Driver/inc -DDEBUG -Dstm32_flash_layout -DSTM32F103VF -DSTM32F10X_XL  -c C:\Users\Rex\AppData\Local\VisualGDB\EmbeddedBSPs\arm-eabi\com.sysprogs.arm.stm32/STM32F1xxxx/STM32F10x_StdPeriph_Driver/src/misc.c -o Debug/misc.o -MD -MF Debug/misc.dep
         C:\SysGCC\arm-eabi/bin/arm-eabi-gcc.exe -ggdb -ffunction-sections -O0 -mcpu=cortex-m3 -mthumb   -IC:\Users\Rex\AppData\Local\VisualGDB\EmbeddedBSPs\arm-eabi\com.sysprogs.arm.stm32/STM32F1xxxx/CMSIS/CM3/CoreSupport -IC:\Users\Rex\AppData\Local\VisualGDB\EmbeddedBSPs\arm-eabi\com.sysprogs.arm.stm32/STM32F1xxxx/CMSIS/CM3/DeviceSupport/ST/STM32F10x -IC:\Users\Rex\AppData\Local\VisualGDB\EmbeddedBSPs\arm-eabi\com.sysprogs.arm.stm32/STM32F1xxxx/STM32F10x_StdPeriph_Driver/inc -DDEBUG -Dstm32_flash_layout -DSTM32F103VF -DSTM32F10X_XL  -c C:\Users\Rex\AppData\Local\VisualGDB\EmbeddedBSPs\arm-eabi\com.sysprogs.arm.stm32/STM32F1xxxx/STM32F10x_StdPeriph_Driver/src/stm32f10x_adc.c -o Debug/stm32f10x_adc.o -MD -MF Debug/stm32f10x_adc.dep
         C:\SysGCC\arm-eabi/bin/arm-eabi-gcc.exe -ggdb -ffunction-sections -O0 -mcpu=cortex-m3 -mthumb   -IC:\Users\Rex\AppData\Local\VisualGDB\EmbeddedBSPs\arm-eabi\com.sysprogs.arm.stm32/STM32F1xxxx/CMSIS/CM3/CoreSupport -IC:\Users\Rex\AppData\Local\VisualGDB\EmbeddedBSPs\arm-eabi\com.sysprogs.arm.stm32/STM32F1xxxx/CMSIS/CM3/DeviceSupport/ST/STM32F10x -IC:\Users\Rex\AppData\Local\VisualGDB\EmbeddedBSPs\arm-eabi\com.sysprogs.arm.stm32/STM32F1xxxx/STM32F10x_StdPeriph_Driver/inc -DDEBUG -Dstm32_flash_layout -DSTM32F103VF -DSTM32F10X_XL  -c C:\Users\Rex\AppData\Local\VisualGDB\EmbeddedBSPs\arm-eabi\com.sysprogs.arm.stm32/STM32F1xxxx/STM32F10x_StdPeriph_Driver/src/stm32f10x_bkp.c -o Debug/stm32f10x_bkp.o -MD -MF Debug/stm32f10x_bkp.dep
         C:\SysGCC\arm-eabi/bin/arm-eabi-gcc.exe -ggdb -ffunction-sections -O0 -mcpu=cortex-m3 -mthumb   -IC:\Users\Rex\AppData\Local\VisualGDB\EmbeddedBSPs\arm-eabi\com.sysprogs.arm.stm32/STM32F1xxxx/CMSIS/CM3/CoreSupport -IC:\Users\Rex\AppData\Local\VisualGDB\EmbeddedBSPs\arm-eabi\com.sysprogs.arm.stm32/STM32F1xxxx/CMSIS/CM3/DeviceSupport/ST/STM32F10x -IC:\Users\Rex\AppData\Local\VisualGDB\EmbeddedBSPs\arm-eabi\com.sysprogs.arm.stm32/STM32F1xxxx/STM32F10x_StdPeriph_Driver/inc -DDEBUG -Dstm32_flash_layout -DSTM32F103VF -DSTM32F10X_XL  -c C:\Users\Rex\AppData\Local\VisualGDB\EmbeddedBSPs\arm-eabi\com.sysprogs.arm.stm32/STM32F1xxxx/STM32F10x_StdPeriph_Driver/src/stm32f10x_can.c -o Debug/stm32f10x_can.o -MD -MF Debug/stm32f10x_can.dep
         C:\SysGCC\arm-eabi/bin/arm-eabi-gcc.exe -ggdb -ffunction-sections -O0 -mcpu=cortex-m3 -mthumb   -IC:\Users\Rex\AppData\Local\VisualGDB\EmbeddedBSPs\arm-eabi\com.sysprogs.arm.stm32/STM32F1xxxx/CMSIS/CM3/CoreSupport -IC:\Users\Rex\AppData\Local\VisualGDB\EmbeddedBSPs\arm-eabi\com.sysprogs.arm.stm32/STM32F1xxxx/CMSIS/CM3/DeviceSupport/ST/STM32F10x -IC:\Users\Rex\AppData\Local\VisualGDB\EmbeddedBSPs\arm-eabi\com.sysprogs.arm.stm32/STM32F1xxxx/STM32F10x_StdPeriph_Driver/inc -DDEBUG -Dstm32_flash_layout -DSTM32F103VF -DSTM32F10X_XL  -c C:\Users\Rex\AppData\Local\VisualGDB\EmbeddedBSPs\arm-eabi\com.sysprogs.arm.stm32/STM32F1xxxx/STM32F10x_StdPeriph_Driver/src/stm32f10x_cec.c -o Debug/stm32f10x_cec.o -MD -MF Debug/stm32f10x_cec.dep
         C:\SysGCC\arm-eabi/bin/arm-eabi-gcc.exe -ggdb -ffunction-sections -O0 -mcpu=cortex-m3 -mthumb   -IC:\Users\Rex\AppData\Local\VisualGDB\EmbeddedBSPs\arm-eabi\com.sysprogs.arm.stm32/STM32F1xxxx/CMSIS/CM3/CoreSupport -IC:\Users\Rex\AppData\Local\VisualGDB\EmbeddedBSPs\arm-eabi\com.sysprogs.arm.stm32/STM32F1xxxx/CMSIS/CM3/DeviceSupport/ST/STM32F10x -IC:\Users\Rex\AppData\Local\VisualGDB\EmbeddedBSPs\arm-eabi\com.sysprogs.arm.stm32/STM32F1xxxx/STM32F10x_StdPeriph_Driver/inc -DDEBUG -Dstm32_flash_layout -DSTM32F103VF -DSTM32F10X_XL  -c C:\Users\Rex\AppData\Local\VisualGDB\EmbeddedBSPs\arm-eabi\com.sysprogs.arm.stm32/STM32F1xxxx/STM32F10x_StdPeriph_Driver/src/stm32f10x_crc.c -o Debug/stm32f10x_crc.o -MD -MF Debug/stm32f10x_crc.dep
         C:\SysGCC\arm-eabi/bin/arm-eabi-gcc.exe -ggdb -ffunction-sections -O0 -mcpu=cortex-m3 -mthumb   -IC:\Users\Rex\AppData\Local\VisualGDB\EmbeddedBSPs\arm-eabi\com.sysprogs.arm.stm32/STM32F1xxxx/CMSIS/CM3/CoreSupport -IC:\Users\Rex\AppData\Local\VisualGDB\EmbeddedBSPs\arm-eabi\com.sysprogs.arm.stm32/STM32F1xxxx/CMSIS/CM3/DeviceSupport/ST/STM32F10x -IC:\Users\Rex\AppData\Local\VisualGDB\EmbeddedBSPs\arm-eabi\com.sysprogs.arm.stm32/STM32F1xxxx/STM32F10x_StdPeriph_Driver/inc -DDEBUG -Dstm32_flash_layout -DSTM32F103VF -DSTM32F10X_XL  -c C:\Users\Rex\AppData\Local\VisualGDB\EmbeddedBSPs\arm-eabi\com.sysprogs.arm.stm32/STM32F1xxxx/STM32F10x_StdPeriph_Driver/src/stm32f10x_dac.c -o Debug/stm32f10x_dac.o -MD -MF Debug/stm32f10x_dac.dep
         C:\SysGCC\arm-eabi/bin/arm-eabi-gcc.exe -ggdb -ffunction-sections -O0 -mcpu=cortex-m3 -mthumb   -IC:\Users\Rex\AppData\Local\VisualGDB\EmbeddedBSPs\arm-eabi\com.sysprogs.arm.stm32/STM32F1xxxx/CMSIS/CM3/CoreSupport -IC:\Users\Rex\AppData\Local\VisualGDB\EmbeddedBSPs\arm-eabi\com.sysprogs.arm.stm32/STM32F1xxxx/CMSIS/CM3/DeviceSupport/ST/STM32F10x -IC:\Users\Rex\AppData\Local\VisualGDB\EmbeddedBSPs\arm-eabi\com.sysprogs.arm.stm32/STM32F1xxxx/STM32F10x_StdPeriph_Driver/inc -DDEBUG -Dstm32_flash_layout -DSTM32F103VF -DSTM32F10X_XL  -c C:\Users\Rex\AppData\Local\VisualGDB\EmbeddedBSPs\arm-eabi\com.sysprogs.arm.stm32/STM32F1xxxx/STM32F10x_StdPeriph_Driver/src/stm32f10x_dbgmcu.c -o Debug/stm32f10x_dbgmcu.o -MD -MF Debug/stm32f10x_dbgmcu.dep
         C:\SysGCC\arm-eabi/bin/arm-eabi-gcc.exe -ggdb -ffunction-sections -O0 -mcpu=cortex-m3 -mthumb   -IC:\Users\Rex\AppData\Local\VisualGDB\EmbeddedBSPs\arm-eabi\com.sysprogs.arm.stm32/STM32F1xxxx/CMSIS/CM3/CoreSupport -IC:\Users\Rex\AppData\Local\VisualGDB\EmbeddedBSPs\arm-eabi\com.sysprogs.arm.stm32/STM32F1xxxx/CMSIS/CM3/DeviceSupport/ST/STM32F10x -IC:\Users\Rex\AppData\Local\VisualGDB\EmbeddedBSPs\arm-eabi\com.sysprogs.arm.stm32/STM32F1xxxx/STM32F10x_StdPeriph_Driver/inc -DDEBUG -Dstm32_flash_layout -DSTM32F103VF -DSTM32F10X_XL  -c C:\Users\Rex\AppData\Local\VisualGDB\EmbeddedBSPs\arm-eabi\com.sysprogs.arm.stm32/STM32F1xxxx/STM32F10x_StdPeriph_Driver/src/stm32f10x_dma.c -o Debug/stm32f10x_dma.o -MD -MF Debug/stm32f10x_dma.dep
         C:\SysGCC\arm-eabi/bin/arm-eabi-gcc.exe -ggdb -ffunction-sections -O0 -mcpu=cortex-m3 -mthumb   -IC:\Users\Rex\AppData\Local\VisualGDB\EmbeddedBSPs\arm-eabi\com.sysprogs.arm.stm32/STM32F1xxxx/CMSIS/CM3/CoreSupport -IC:\Users\Rex\AppData\Local\VisualGDB\EmbeddedBSPs\arm-eabi\com.sysprogs.arm.stm32/STM32F1xxxx/CMSIS/CM3/DeviceSupport/ST/STM32F10x -IC:\Users\Rex\AppData\Local\VisualGDB\EmbeddedBSPs\arm-eabi\com.sysprogs.arm.stm32/STM32F1xxxx/STM32F10x_StdPeriph_Driver/inc -DDEBUG -Dstm32_flash_layout -DSTM32F103VF -DSTM32F10X_XL  -c C:\Users\Rex\AppData\Local\VisualGDB\EmbeddedBSPs\arm-eabi\com.sysprogs.arm.stm32/STM32F1xxxx/STM32F10x_StdPeriph_Driver/src/stm32f10x_exti.c -o Debug/stm32f10x_exti.o -MD -MF Debug/stm32f10x_exti.dep
         C:\SysGCC\arm-eabi/bin/arm-eabi-gcc.exe -ggdb -ffunction-sections -O0 -mcpu=cortex-m3 -mthumb   -IC:\Users\Rex\AppData\Local\VisualGDB\EmbeddedBSPs\arm-eabi\com.sysprogs.arm.stm32/STM32F1xxxx/CMSIS/CM3/CoreSupport -IC:\Users\Rex\AppData\Local\VisualGDB\EmbeddedBSPs\arm-eabi\com.sysprogs.arm.stm32/STM32F1xxxx/CMSIS/CM3/DeviceSupport/ST/STM32F10x -IC:\Users\Rex\AppData\Local\VisualGDB\EmbeddedBSPs\arm-eabi\com.sysprogs.arm.stm32/STM32F1xxxx/STM32F10x_StdPeriph_Driver/inc -DDEBUG -Dstm32_flash_layout -DSTM32F103VF -DSTM32F10X_XL  -c C:\Users\Rex\AppData\Local\VisualGDB\EmbeddedBSPs\arm-eabi\com.sysprogs.arm.stm32/STM32F1xxxx/STM32F10x_StdPeriph_Driver/src/stm32f10x_flash.c -o Debug/stm32f10x_flash.o -MD -MF Debug/stm32f10x_flash.dep
         C:\SysGCC\arm-eabi/bin/arm-eabi-gcc.exe -ggdb -ffunction-sections -O0 -mcpu=cortex-m3 -mthumb   -IC:\Users\Rex\AppData\Local\VisualGDB\EmbeddedBSPs\arm-eabi\com.sysprogs.arm.stm32/STM32F1xxxx/CMSIS/CM3/CoreSupport -IC:\Users\Rex\AppData\Local\VisualGDB\EmbeddedBSPs\arm-eabi\com.sysprogs.arm.stm32/STM32F1xxxx/CMSIS/CM3/DeviceSupport/ST/STM32F10x -IC:\Users\Rex\AppData\Local\VisualGDB\EmbeddedBSPs\arm-eabi\com.sysprogs.arm.stm32/STM32F1xxxx/STM32F10x_StdPeriph_Driver/inc -DDEBUG -Dstm32_flash_layout -DSTM32F103VF -DSTM32F10X_XL  -c C:\Users\Rex\AppData\Local\VisualGDB\EmbeddedBSPs\arm-eabi\com.sysprogs.arm.stm32/STM32F1xxxx/STM32F10x_StdPeriph_Driver/src/stm32f10x_fsmc.c -o Debug/stm32f10x_fsmc.o -MD -MF Debug/stm32f10x_fsmc.dep
         C:\SysGCC\arm-eabi/bin/arm-eabi-gcc.exe -ggdb -ffunction-sections -O0 -mcpu=cortex-m3 -mthumb   -IC:\Users\Rex\AppData\Local\VisualGDB\EmbeddedBSPs\arm-eabi\com.sysprogs.arm.stm32/STM32F1xxxx/CMSIS/CM3/CoreSupport -IC:\Users\Rex\AppData\Local\VisualGDB\EmbeddedBSPs\arm-eabi\com.sysprogs.arm.stm32/STM32F1xxxx/CMSIS/CM3/DeviceSupport/ST/STM32F10x -IC:\Users\Rex\AppData\Local\VisualGDB\EmbeddedBSPs\arm-eabi\com.sysprogs.arm.stm32/STM32F1xxxx/STM32F10x_StdPeriph_Driver/inc -DDEBUG -Dstm32_flash_layout -DSTM32F103VF -DSTM32F10X_XL  -c C:\Users\Rex\AppData\Local\VisualGDB\EmbeddedBSPs\arm-eabi\com.sysprogs.arm.stm32/STM32F1xxxx/STM32F10x_StdPeriph_Driver/src/stm32f10x_gpio.c -o Debug/stm32f10x_gpio.o -MD -MF Debug/stm32f10x_gpio.dep
         C:\SysGCC\arm-eabi/bin/arm-eabi-gcc.exe -ggdb -ffunction-sections -O0 -mcpu=cortex-m3 -mthumb   -IC:\Users\Rex\AppData\Local\VisualGDB\EmbeddedBSPs\arm-eabi\com.sysprogs.arm.stm32/STM32F1xxxx/CMSIS/CM3/CoreSupport -IC:\Users\Rex\AppData\Local\VisualGDB\EmbeddedBSPs\arm-eabi\com.sysprogs.arm.stm32/STM32F1xxxx/CMSIS/CM3/DeviceSupport/ST/STM32F10x -IC:\Users\Rex\AppData\Local\VisualGDB\EmbeddedBSPs\arm-eabi\com.sysprogs.arm.stm32/STM32F1xxxx/STM32F10x_StdPeriph_Driver/inc -DDEBUG -Dstm32_flash_layout -DSTM32F103VF -DSTM32F10X_XL  -c C:\Users\Rex\AppData\Local\VisualGDB\EmbeddedBSPs\arm-eabi\com.sysprogs.arm.stm32/STM32F1xxxx/STM32F10x_StdPeriph_Driver/src/stm32f10x_i2c.c -o Debug/stm32f10x_i2c.o -MD -MF Debug/stm32f10x_i2c.dep
         C:\SysGCC\arm-eabi/bin/arm-eabi-gcc.exe -ggdb -ffunction-sections -O0 -mcpu=cortex-m3 -mthumb   -IC:\Users\Rex\AppData\Local\VisualGDB\EmbeddedBSPs\arm-eabi\com.sysprogs.arm.stm32/STM32F1xxxx/CMSIS/CM3/CoreSupport -IC:\Users\Rex\AppData\Local\VisualGDB\EmbeddedBSPs\arm-eabi\com.sysprogs.arm.stm32/STM32F1xxxx/CMSIS/CM3/DeviceSupport/ST/STM32F10x -IC:\Users\Rex\AppData\Local\VisualGDB\EmbeddedBSPs\arm-eabi\com.sysprogs.arm.stm32/STM32F1xxxx/STM32F10x_StdPeriph_Driver/inc -DDEBUG -Dstm32_flash_layout -DSTM32F103VF -DSTM32F10X_XL  -c C:\Users\Rex\AppData\Local\VisualGDB\EmbeddedBSPs\arm-eabi\com.sysprogs.arm.stm32/STM32F1xxxx/STM32F10x_StdPeriph_Driver/src/stm32f10x_iwdg.c -o Debug/stm32f10x_iwdg.o -MD -MF Debug/stm32f10x_iwdg.dep
         C:\SysGCC\arm-eabi/bin/arm-eabi-gcc.exe -ggdb -ffunction-sections -O0 -mcpu=cortex-m3 -mthumb   -IC:\Users\Rex\AppData\Local\VisualGDB\EmbeddedBSPs\arm-eabi\com.sysprogs.arm.stm32/STM32F1xxxx/CMSIS/CM3/CoreSupport -IC:\Users\Rex\AppData\Local\VisualGDB\EmbeddedBSPs\arm-eabi\com.sysprogs.arm.stm32/STM32F1xxxx/CMSIS/CM3/DeviceSupport/ST/STM32F10x -IC:\Users\Rex\AppData\Local\VisualGDB\EmbeddedBSPs\arm-eabi\com.sysprogs.arm.stm32/STM32F1xxxx/STM32F10x_StdPeriph_Driver/inc -DDEBUG -Dstm32_flash_layout -DSTM32F103VF -DSTM32F10X_XL  -c C:\Users\Rex\AppData\Local\VisualGDB\EmbeddedBSPs\arm-eabi\com.sysprogs.arm.stm32/STM32F1xxxx/STM32F10x_StdPeriph_Driver/src/stm32f10x_pwr.c -o Debug/stm32f10x_pwr.o -MD -MF Debug/stm32f10x_pwr.dep
         C:\SysGCC\arm-eabi/bin/arm-eabi-gcc.exe -ggdb -ffunction-sections -O0 -mcpu=cortex-m3 -mthumb   -IC:\Users\Rex\AppData\Local\VisualGDB\EmbeddedBSPs\arm-eabi\com.sysprogs.arm.stm32/STM32F1xxxx/CMSIS/CM3/CoreSupport -IC:\Users\Rex\AppData\Local\VisualGDB\EmbeddedBSPs\arm-eabi\com.sysprogs.arm.stm32/STM32F1xxxx/CMSIS/CM3/DeviceSupport/ST/STM32F10x -IC:\Users\Rex\AppData\Local\VisualGDB\EmbeddedBSPs\arm-eabi\com.sysprogs.arm.stm32/STM32F1xxxx/STM32F10x_StdPeriph_Driver/inc -DDEBUG -Dstm32_flash_layout -DSTM32F103VF -DSTM32F10X_XL  -c C:\Users\Rex\AppData\Local\VisualGDB\EmbeddedBSPs\arm-eabi\com.sysprogs.arm.stm32/STM32F1xxxx/STM32F10x_StdPeriph_Driver/src/stm32f10x_rcc.c -o Debug/stm32f10x_rcc.o -MD -MF Debug/stm32f10x_rcc.dep
         C:\SysGCC\arm-eabi/bin/arm-eabi-gcc.exe -ggdb -ffunction-sections -O0 -mcpu=cortex-m3 -mthumb   -IC:\Users\Rex\AppData\Local\VisualGDB\EmbeddedBSPs\arm-eabi\com.sysprogs.arm.stm32/STM32F1xxxx/CMSIS/CM3/CoreSupport -IC:\Users\Rex\AppData\Local\VisualGDB\EmbeddedBSPs\arm-eabi\com.sysprogs.arm.stm32/STM32F1xxxx/CMSIS/CM3/DeviceSupport/ST/STM32F10x -IC:\Users\Rex\AppData\Local\VisualGDB\EmbeddedBSPs\arm-eabi\com.sysprogs.arm.stm32/STM32F1xxxx/STM32F10x_StdPeriph_Driver/inc -DDEBUG -Dstm32_flash_layout -DSTM32F103VF -DSTM32F10X_XL  -c C:\Users\Rex\AppData\Local\VisualGDB\EmbeddedBSPs\arm-eabi\com.sysprogs.arm.stm32/STM32F1xxxx/STM32F10x_StdPeriph_Driver/src/stm32f10x_rtc.c -o Debug/stm32f10x_rtc.o -MD -MF Debug/stm32f10x_rtc.dep
         C:\SysGCC\arm-eabi/bin/arm-eabi-gcc.exe -ggdb -ffunction-sections -O0 -mcpu=cortex-m3 -mthumb   -IC:\Users\Rex\AppData\Local\VisualGDB\EmbeddedBSPs\arm-eabi\com.sysprogs.arm.stm32/STM32F1xxxx/CMSIS/CM3/CoreSupport -IC:\Users\Rex\AppData\Local\VisualGDB\EmbeddedBSPs\arm-eabi\com.sysprogs.arm.stm32/STM32F1xxxx/CMSIS/CM3/DeviceSupport/ST/STM32F10x -IC:\Users\Rex\AppData\Local\VisualGDB\EmbeddedBSPs\arm-eabi\com.sysprogs.arm.stm32/STM32F1xxxx/STM32F10x_StdPeriph_Driver/inc -DDEBUG -Dstm32_flash_layout -DSTM32F103VF -DSTM32F10X_XL  -c C:\Users\Rex\AppData\Local\VisualGDB\EmbeddedBSPs\arm-eabi\com.sysprogs.arm.stm32/STM32F1xxxx/STM32F10x_StdPeriph_Driver/src/stm32f10x_sdio.c -o Debug/stm32f10x_sdio.o -MD -MF Debug/stm32f10x_sdio.dep
         C:\SysGCC\arm-eabi/bin/arm-eabi-gcc.exe -ggdb -ffunction-sections -O0 -mcpu=cortex-m3 -mthumb   -IC:\Users\Rex\AppData\Local\VisualGDB\EmbeddedBSPs\arm-eabi\com.sysprogs.arm.stm32/STM32F1xxxx/CMSIS/CM3/CoreSupport -IC:\Users\Rex\AppData\Local\VisualGDB\EmbeddedBSPs\arm-eabi\com.sysprogs.arm.stm32/STM32F1xxxx/CMSIS/CM3/DeviceSupport/ST/STM32F10x -IC:\Users\Rex\AppData\Local\VisualGDB\EmbeddedBSPs\arm-eabi\com.sysprogs.arm.stm32/STM32F1xxxx/STM32F10x_StdPeriph_Driver/inc -DDEBUG -Dstm32_flash_layout -DSTM32F103VF -DSTM32F10X_XL  -c C:\Users\Rex\AppData\Local\VisualGDB\EmbeddedBSPs\arm-eabi\com.sysprogs.arm.stm32/STM32F1xxxx/STM32F10x_StdPeriph_Driver/src/stm32f10x_spi.c -o Debug/stm32f10x_spi.o -MD -MF Debug/stm32f10x_spi.dep
         C:\SysGCC\arm-eabi/bin/arm-eabi-gcc.exe -ggdb -ffunction-sections -O0 -mcpu=cortex-m3 -mthumb   -IC:\Users\Rex\AppData\Local\VisualGDB\EmbeddedBSPs\arm-eabi\com.sysprogs.arm.stm32/STM32F1xxxx/CMSIS/CM3/CoreSupport -IC:\Users\Rex\AppData\Local\VisualGDB\EmbeddedBSPs\arm-eabi\com.sysprogs.arm.stm32/STM32F1xxxx/CMSIS/CM3/DeviceSupport/ST/STM32F10x -IC:\Users\Rex\AppData\Local\VisualGDB\EmbeddedBSPs\arm-eabi\com.sysprogs.arm.stm32/STM32F1xxxx/STM32F10x_StdPeriph_Driver/inc -DDEBUG -Dstm32_flash_layout -DSTM32F103VF -DSTM32F10X_XL  -c C:\Users\Rex\AppData\Local\VisualGDB\EmbeddedBSPs\arm-eabi\com.sysprogs.arm.stm32/STM32F1xxxx/STM32F10x_StdPeriph_Driver/src/stm32f10x_tim.c -o Debug/stm32f10x_tim.o -MD -MF Debug/stm32f10x_tim.dep
         C:\SysGCC\arm-eabi/bin/arm-eabi-gcc.exe -ggdb -ffunction-sections -O0 -mcpu=cortex-m3 -mthumb   -IC:\Users\Rex\AppData\Local\VisualGDB\EmbeddedBSPs\arm-eabi\com.sysprogs.arm.stm32/STM32F1xxxx/CMSIS/CM3/CoreSupport -IC:\Users\Rex\AppData\Local\VisualGDB\EmbeddedBSPs\arm-eabi\com.sysprogs.arm.stm32/STM32F1xxxx/CMSIS/CM3/DeviceSupport/ST/STM32F10x -IC:\Users\Rex\AppData\Local\VisualGDB\EmbeddedBSPs\arm-eabi\com.sysprogs.arm.stm32/STM32F1xxxx/STM32F10x_StdPeriph_Driver/inc -DDEBUG -Dstm32_flash_layout -DSTM32F103VF -DSTM32F10X_XL  -c C:\Users\Rex\AppData\Local\VisualGDB\EmbeddedBSPs\arm-eabi\com.sysprogs.arm.stm32/STM32F1xxxx/STM32F10x_StdPeriph_Driver/src/stm32f10x_usart.c -o Debug/stm32f10x_usart.o -MD -MF Debug/stm32f10x_usart.dep
         C:\SysGCC\arm-eabi/bin/arm-eabi-gcc.exe -ggdb -ffunction-sections -O0 -mcpu=cortex-m3 -mthumb   -IC:\Users\Rex\AppData\Local\VisualGDB\EmbeddedBSPs\arm-eabi\com.sysprogs.arm.stm32/STM32F1xxxx/CMSIS/CM3/CoreSupport -IC:\Users\Rex\AppData\Local\VisualGDB\EmbeddedBSPs\arm-eabi\com.sysprogs.arm.stm32/STM32F1xxxx/CMSIS/CM3/DeviceSupport/ST/STM32F10x -IC:\Users\Rex\AppData\Local\VisualGDB\EmbeddedBSPs\arm-eabi\com.sysprogs.arm.stm32/STM32F1xxxx/STM32F10x_StdPeriph_Driver/inc -DDEBUG -Dstm32_flash_layout -DSTM32F103VF -DSTM32F10X_XL  -c C:\Users\Rex\AppData\Local\VisualGDB\EmbeddedBSPs\arm-eabi\com.sysprogs.arm.stm32/STM32F1xxxx/STM32F10x_StdPeriph_Driver/src/stm32f10x_wwdg.c -o Debug/stm32f10x_wwdg.o -MD -MF Debug/stm32f10x_wwdg.dep
         C:\SysGCC\arm-eabi/bin/arm-eabi-gcc.exe -ggdb -ffunction-sections -O0 -mcpu=cortex-m3 -mthumb   -IC:\Users\Rex\AppData\Local\VisualGDB\EmbeddedBSPs\arm-eabi\com.sysprogs.arm.stm32/STM32F1xxxx/CMSIS/CM3/CoreSupport -IC:\Users\Rex\AppData\Local\VisualGDB\EmbeddedBSPs\arm-eabi\com.sysprogs.arm.stm32/STM32F1xxxx/CMSIS/CM3/DeviceSupport/ST/STM32F10x -IC:\Users\Rex\AppData\Local\VisualGDB\EmbeddedBSPs\arm-eabi\com.sysprogs.arm.stm32/STM32F1xxxx/STM32F10x_StdPeriph_Driver/inc -DDEBUG -Dstm32_flash_layout -DSTM32F103VF -DSTM32F10X_XL  -c LEDBlink.c -o Debug/LEDBlink.o -MD -MF Debug/LEDBlink.dep
         C:\SysGCC\arm-eabi/bin/arm-eabi-gcc.exe -ggdb -ffunction-sections -O0 -mcpu=cortex-m3 -mthumb   -IC:\Users\Rex\AppData\Local\VisualGDB\EmbeddedBSPs\arm-eabi\com.sysprogs.arm.stm32/STM32F1xxxx/CMSIS/CM3/CoreSupport -IC:\Users\Rex\AppData\Local\VisualGDB\EmbeddedBSPs\arm-eabi\com.sysprogs.arm.stm32/STM32F1xxxx/CMSIS/CM3/DeviceSupport/ST/STM32F10x -IC:\Users\Rex\AppData\Local\VisualGDB\EmbeddedBSPs\arm-eabi\com.sysprogs.arm.stm32/STM32F1xxxx/STM32F10x_StdPeriph_Driver/inc -DDEBUG -Dstm32_flash_layout -DSTM32F103VF -DSTM32F10X_XL  -c user/approx_math.c -o Debug/approx_math.o -MD -MF Debug/approx_math.dep
         C:\SysGCC\arm-eabi/bin/arm-eabi-gcc.exe -ggdb -ffunction-sections -O0 -mcpu=cortex-m3 -mthumb   -IC:\Users\Rex\AppData\Local\VisualGDB\EmbeddedBSPs\arm-eabi\com.sysprogs.arm.stm32/STM32F1xxxx/CMSIS/CM3/CoreSupport -IC:\Users\Rex\AppData\Local\VisualGDB\EmbeddedBSPs\arm-eabi\com.sysprogs.arm.stm32/STM32F1xxxx/CMSIS/CM3/DeviceSupport/ST/STM32F10x -IC:\Users\Rex\AppData\Local\VisualGDB\EmbeddedBSPs\arm-eabi\com.sysprogs.arm.stm32/STM32F1xxxx/STM32F10x_StdPeriph_Driver/inc -DDEBUG -Dstm32_flash_layout -DSTM32F103VF -DSTM32F10X_XL  -c user/battery.c -o Debug/battery.o -MD -MF Debug/battery.dep
         user/battery.c: In function 'battery_dma_init':
     1>C:\WorkBench\Robo\robocon-2016\robocon-2016-visual\robocon-2016-visual\user\battery.c(17,5): error : unknown type name 'DMA_InitTypeDef'
              DMA_InitTypeDef DMA_InitStructure;    
              ^
     1>C:\WorkBench\Robo\robocon-2016\robocon-2016-visual\robocon-2016-visual\user\battery.c(18,3): warning : implicit declaration of function 'RCC_AHBPeriphClockCmd' [-Wimplicit-function-declaration]
            RCC_AHBPeriphClockCmd(RCC_AHBPeriph_DMA1, ENABLE); 
            ^
     1>C:\WorkBench\Robo\robocon-2016\robocon-2016-visual\robocon-2016-visual\user\battery.c(18,25): error : 'RCC_AHBPeriph_DMA1' undeclared (first use in this function)
            RCC_AHBPeriphClockCmd(RCC_AHBPeriph_DMA1, ENABLE); 
                                  ^
         C:\WorkBench\Robo\robocon-2016\robocon-2016-visual\robocon-2016-visual\user\battery.c(18,25): note:  each undeclared identifier is reported only once for each function it appears in
     1>C:\WorkBench\Robo\robocon-2016\robocon-2016-visual\robocon-2016-visual\user\battery.c(20,5): warning : implicit declaration of function 'DMA_DeInit' [-Wimplicit-function-declaration]
              DMA_DeInit(DMA1_Channel1);
              ^
     1>C:\WorkBench\Robo\robocon-2016\robocon-2016-visual\robocon-2016-visual\user\battery.c(21,22): error : request for member 'DMA_PeripheralBaseAddr' in something not a structure or union
              DMA_InitStructure.DMA_PeripheralBaseAddr = (u32)0x4001244C;   // address of ADC1 data register 
                               ^
     1>C:\WorkBench\Robo\robocon-2016\robocon-2016-visual\robocon-2016-visual\user\battery.c(22,22): error : request for member 'DMA_MemoryBaseAddr' in something not a structure or union
              DMA_InitStructure.DMA_MemoryBaseAddr = (u32)&adc_value; //result would be assigned to battery_sample_value
                               ^
     1>C:\WorkBench\Robo\robocon-2016\robocon-2016-visual\robocon-2016-visual\user\battery.c(23,22): error : request for member 'DMA_DIR' in something not a structure or union
              DMA_InitStructure.DMA_DIR = DMA_DIR_PeripheralSRC;
                               ^
     1>C:\WorkBench\Robo\robocon-2016\robocon-2016-visual\robocon-2016-visual\user\battery.c(23,33): error : 'DMA_DIR_PeripheralSRC' undeclared (first use in this function)
              DMA_InitStructure.DMA_DIR = DMA_DIR_PeripheralSRC;
                                          ^
     1>C:\WorkBench\Robo\robocon-2016\robocon-2016-visual\robocon-2016-visual\user\battery.c(24,22): error : request for member 'DMA_BufferSize' in something not a structure or union
              DMA_InitStructure.DMA_BufferSize = 1;
                               ^
     1>C:\WorkBench\Robo\robocon-2016\robocon-2016-visual\robocon-2016-visual\user\battery.c(25,22): error : request for member 'DMA_PeripheralInc' in something not a structure or union
              DMA_InitStructure.DMA_PeripheralInc = DMA_PeripheralInc_Disable;
                               ^
     1>C:\WorkBench\Robo\robocon-2016\robocon-2016-visual\robocon-2016-visual\user\battery.c(25,43): error : 'DMA_PeripheralInc_Disable' undeclared (first use in this function)
              DMA_InitStructure.DMA_PeripheralInc = DMA_PeripheralInc_Disable;
                                                    ^
     1>C:\WorkBench\Robo\robocon-2016\robocon-2016-visual\robocon-2016-visual\user\battery.c(26,22): error : request for member 'DMA_MemoryInc' in something not a structure or union
              DMA_InitStructure.DMA_MemoryInc = DMA_MemoryInc_Enable;
                               ^
     1>C:\WorkBench\Robo\robocon-2016\robocon-2016-visual\robocon-2016-visual\user\battery.c(26,39): error : 'DMA_MemoryInc_Enable' undeclared (first use in this function)
              DMA_InitStructure.DMA_MemoryInc = DMA_MemoryInc_Enable;
                                                ^
     1>C:\WorkBench\Robo\robocon-2016\robocon-2016-visual\robocon-2016-visual\user\battery.c(27,22): error : request for member 'DMA_PeripheralDataSize' in something not a structure or union
              DMA_InitStructure.DMA_PeripheralDataSize = DMA_PeripheralDataSize_HalfWord;
                               ^
     1>C:\WorkBench\Robo\robocon-2016\robocon-2016-visual\robocon-2016-visual\user\battery.c(27,48): error : 'DMA_PeripheralDataSize_HalfWord' undeclared (first use in this function)
              DMA_InitStructure.DMA_PeripheralDataSize = DMA_PeripheralDataSize_HalfWord;
                                                         ^
     1>C:\WorkBench\Robo\robocon-2016\robocon-2016-visual\robocon-2016-visual\user\battery.c(28,22): error : request for member 'DMA_MemoryDataSize' in something not a structure or union
              DMA_InitStructure.DMA_MemoryDataSize = DMA_MemoryDataSize_HalfWord;
                               ^
     1>C:\WorkBench\Robo\robocon-2016\robocon-2016-visual\robocon-2016-visual\user\battery.c(28,44): error : 'DMA_MemoryDataSize_HalfWord' undeclared (first use in this function)
              DMA_InitStructure.DMA_MemoryDataSize = DMA_MemoryDataSize_HalfWord;
                                                     ^
     1>C:\WorkBench\Robo\robocon-2016\robocon-2016-visual\robocon-2016-visual\user\battery.c(29,22): error : request for member 'DMA_Mode' in something not a structure or union
              DMA_InitStructure.DMA_Mode = DMA_Mode_Circular;
                               ^
     1>C:\WorkBench\Robo\robocon-2016\robocon-2016-visual\robocon-2016-visual\user\battery.c(29,34): error : 'DMA_Mode_Circular' undeclared (first use in this function)
              DMA_InitStructure.DMA_Mode = DMA_Mode_Circular;
                                           ^
     1>C:\WorkBench\Robo\robocon-2016\robocon-2016-visual\robocon-2016-visual\user\battery.c(30,22): error : request for member 'DMA_Priority' in something not a structure or union
              DMA_InitStructure.DMA_Priority = DMA_Priority_High;
                               ^
     1>C:\WorkBench\Robo\robocon-2016\robocon-2016-visual\robocon-2016-visual\user\battery.c(30,38): error : 'DMA_Priority_High' undeclared (first use in this function)
              DMA_InitStructure.DMA_Priority = DMA_Priority_High;
                                               ^
     1>C:\WorkBench\Robo\robocon-2016\robocon-2016-visual\robocon-2016-visual\user\battery.c(31,22): error : request for member 'DMA_M2M' in something not a structure or union
              DMA_InitStructure.DMA_M2M = DMA_M2M_Disable;
                               ^
     1>C:\WorkBench\Robo\robocon-2016\robocon-2016-visual\robocon-2016-visual\user\battery.c(31,33): error : 'DMA_M2M_Disable' undeclared (first use in this function)
              DMA_InitStructure.DMA_M2M = DMA_M2M_Disable;
                                          ^
     1>C:\WorkBench\Robo\robocon-2016\robocon-2016-visual\robocon-2016-visual\user\battery.c(32,5): warning : implicit declaration of function 'DMA_Init' [-Wimplicit-function-declaration]
              DMA_Init(DMA1_Channel1, &DMA_InitStructure);
              ^
     1>C:\WorkBench\Robo\robocon-2016\robocon-2016-visual\robocon-2016-visual\user\battery.c(33,5): warning : implicit declaration of function 'DMA_Cmd' [-Wimplicit-function-declaration]
              DMA_Cmd(DMA1_Channel1, ENABLE);
              ^
         user/battery.c: In function 'battery_adc_gpio_init':
     1>C:\WorkBench\Robo\robocon-2016\robocon-2016-visual\robocon-2016-visual\user\battery.c(43,2): error : unknown type name 'GPIO_InitTypeDef'
           GPIO_InitTypeDef GPIO_InitStructure; 
           ^
     1>C:\WorkBench\Robo\robocon-2016\robocon-2016-visual\robocon-2016-visual\user\battery.c(44,4): warning : implicit declaration of function 'RCC_APB2PeriphClockCmd' [-Wimplicit-function-declaration]
             RCC_APB2PeriphClockCmd(RCC_APB2Periph_GPIOC, ENABLE); 
             ^
     1>C:\WorkBench\Robo\robocon-2016\robocon-2016-visual\robocon-2016-visual\user\battery.c(44,27): error : 'RCC_APB2Periph_GPIOC' undeclared (first use in this function)
             RCC_APB2PeriphClockCmd(RCC_APB2Periph_GPIOC, ENABLE); 
                                    ^
     1>C:\WorkBench\Robo\robocon-2016\robocon-2016-visual\robocon-2016-visual\user\battery.c(45,20): error : request for member 'GPIO_Mode' in something not a structure or union
           GPIO_InitStructure.GPIO_Mode = GPIO_Mode_AIN;      
                             ^
     1>C:\WorkBench\Robo\robocon-2016\robocon-2016-visual\robocon-2016-visual\user\battery.c(45,33): error : 'GPIO_Mode_AIN' undeclared (first use in this function)
           GPIO_InitStructure.GPIO_Mode = GPIO_Mode_AIN;      
                                          ^
     1>C:\WorkBench\Robo\robocon-2016\robocon-2016-visual\robocon-2016-visual\user\battery.c(46,22): error : request for member 'GPIO_Speed' in something not a structure or union
             GPIO_InitStructure.GPIO_Speed = GPIO_Speed_2MHz;
                               ^
     1>C:\WorkBench\Robo\robocon-2016\robocon-2016-visual\robocon-2016-visual\user\battery.c(46,36): error : 'GPIO_Speed_2MHz' undeclared (first use in this function)
             GPIO_InitStructure.GPIO_Speed = GPIO_Speed_2MHz;
                                             ^
     1>C:\WorkBench\Robo\robocon-2016\robocon-2016-visual\robocon-2016-visual\user\battery.c(47,20): error : request for member 'GPIO_Pin' in something not a structure or union
           GPIO_InitStructure.GPIO_Pin = GPIO_Pin_0; 
                             ^
     1>C:\WorkBench\Robo\robocon-2016\robocon-2016-visual\robocon-2016-visual\user\battery.c(47,32): error : 'GPIO_Pin_0' undeclared (first use in this function)
           GPIO_InitStructure.GPIO_Pin = GPIO_Pin_0; 
                                         ^
     1>C:\WorkBench\Robo\robocon-2016\robocon-2016-visual\robocon-2016-visual\user\battery.c(48,2): warning : implicit declaration of function 'GPIO_Init' [-Wimplicit-function-declaration]
           GPIO_Init(GPIOC, &GPIO_InitStructure);
           ^
         user/battery.c: In function 'adc_init':
     1>C:\WorkBench\Robo\robocon-2016\robocon-2016-visual\robocon-2016-visual\user\battery.c(59,25): error : 'RCC_APB2Periph_ADC1' undeclared (first use in this function)
           RCC_APB2PeriphClockCmd(RCC_APB2Periph_ADC1, ENABLE);
                                  ^
         make: *** [Debug/battery.o] Error 1
         -------------------------------------------------------------
         Command exited with code 2
         Executable: cmd.exe
         Arguments: /c "C:\SysGCC\arm-eabi\bin\make.exe" CONFIG=Debug
         Directory: C:\WorkBench\Robo\robocon-2016\robocon-2016-visual\robocon-2016-visual
     1>VisualGDB : error : Command-line action failed
     1>C:\Program Files (x86)\MSBuild\Microsoft.Cpp\v4.0\V140\Microsoft.MakeFile.Targets(42,5): error MSB3073: The command ""C:\Program Files (x86)\VisualGDB\VisualGDB.exe" /rebuild "C:\WorkBench\Robo\robocon-2016\robocon-2016-visual\robocon-2016-visual\robocon-2016-visual.vcxproj" "/solution:C:\WorkBench\Robo\robocon-2016\robocon-2016-visual\robocon-2016-visual.sln" "/config:Debug" "/platform:Win32"" exited with code 1.
     1>Done Building Project "C:\WorkBench\Robo\robocon-2016\robocon-2016-visual\robocon-2016-visual\robocon-2016-visual.vcxproj" (Rebuild target(s)) -- FAILED.

Build FAILED.

Time Elapsed 00:00:06.25
